#
# A fatal error has been detected by the Java Runtime Environment:
#
#  Internal Error (c1_LIRAssembler.cpp:856), pid=10260, tid=0x0000000000001fb8
#  Error: ShouldNotReachHere()
#
# JRE version: OpenJDK Runtime Environment (8.0_76-b03) (build 1.8.0_76-release-b03)
# Java VM: OpenJDK 64-Bit Server VM (25.76-b03 mixed mode windows-amd64 compressed oops)
# Failed to write core dump. Minidumps are not enabled by default on client versions of Windows
#
# If you would like to submit a bug report, please visit:
#   http://bugreport.java.com/bugreport/crash.jsp
#

---------------  T H R E A D  ---------------

Current thread (0x0000000004dc6000):  JavaThread "C1 CompilerThread2" daemon [_thread_in_native, id=8120, stack(0x0000000005800000,0x0000000005900000)]

Stack: [0x0000000005800000,0x0000000005900000]
[error occurred during error reporting (printing stack bounds), id 0xc0000005]

Native frames: (J=compiled Java code, j=interpreted, Vv=VM code, C=native code)


Current CompileTask:
C1:  11302 1554 %     3       org.objectweb.asm.ClassReader::a @ 74 (3587 bytes)


---------------  P R O C E S S  ---------------

Java Threads: ( => current thread )
  0x0000000004dd3000 JavaThread "Service Thread" daemon [_thread_blocked, id=11224, stack(0x00000000056e0000,0x00000000057e0000)]
=>0x0000000004dc6000 JavaThread "C1 CompilerThread2" daemon [_thread_in_native, id=8120, stack(0x0000000005800000,0x0000000005900000)]
  0x0000000004dc5000 JavaThread "C2 CompilerThread1" daemon [_thread_blocked, id=5408, stack(0x00000000051d0000,0x00000000052d0000)]
  0x0000000003acb800 JavaThread "C2 CompilerThread0" daemon [_thread_blocked, id=3788, stack(0x0000000005570000,0x0000000005670000)]
  0x0000000004db9000 JavaThread "Attach Listener" daemon [_thread_blocked, id=7452, stack(0x0000000005450000,0x0000000005550000)]
  0x0000000004db8800 JavaThread "Signal Dispatcher" daemon [_thread_blocked, id=6252, stack(0x00000000052e0000,0x00000000053e0000)]
  0x0000000003aa7000 JavaThread "Finalizer" daemon [_thread_blocked, id=11184, stack(0x0000000004a10000,0x0000000004b10000)]
  0x0000000003a60000 JavaThread "Reference Handler" daemon [_thread_blocked, id=7700, stack(0x0000000004cb0000,0x0000000004db0000)]
  0x0000000001c7e000 JavaThread "main" [_thread_in_native, id=8264, stack(0x00000000022a0000,0x00000000023a0000)]

Other Threads:
  0x0000000003a58000 VMThread [stack: 0x0000000004b30000,0x0000000004c30000] [id=7332]
  0x0000000004dd8800 WatcherThread [stack: 0x0000000005af0000,0x0000000005bf0000] [id=11124]

VM state:not at safepoint (normal execution)

VM Mutex/Monitor currently owned by a thread: None

Heap:
 PSYoungGen      total 16896K, used 6382K [0x00000000feb00000, 0x0000000100000000, 0x0000000100000000)
  eden space 13312K, 46% used [0x00000000feb00000,0x00000000ff103bb8,0x00000000ff800000)
  from space 3584K, 6% used [0x00000000ff800000,0x00000000ff838000,0x00000000ffb80000)
  to   space 3584K, 0% used [0x00000000ffc80000,0x00000000ffc80000,0x0000000100000000)
 ParOldGen       total 44032K, used 12190K [0x00000000fc000000, 0x00000000feb00000, 0x00000000feb00000)
  object space 44032K, 27% used [0x00000000fc000000,0x00000000fcbe78f0,0x00000000feb00000)
 Metaspace       used 8091K, capacity 8380K, committed 8448K, reserved 1056768K
  class space    used 915K, capacity 1020K, committed 1024K, reserved 1048576K

Card table byte_map: [0x00000000005e0000,0x0000000000610000] byte_map_base: 0xffffffffffe00000

Marking Bits: (ParMarkBitMap*) 0x0000000007a89d00
 Begin Bits: [0x0000000002ed0000, 0x0000000002fd0000)
 End Bits:   [0x0000000002fd0000, 0x00000000030d0000)

Polling page: 0x0000000000310000

CodeCache: size=245760Kb used=6630Kb max_used=6652Kb free=239129Kb
 bounds [0x0000000007b10000, 0x00000000081a0000, 0x0000000016b10000]
 total_blobs=1851 nmethods=1517 adapters=247
 compilation: enabled

Compilation events (10 events):
Event: 10.987 Thread 0x0000000004dc6000 nmethod 1551 0x0000000008149ed0 code [0x000000000814a020, 0x000000000814a1d0]
Event: 10.992 Thread 0x0000000004dc5000 nmethod 1498% 0x0000000008150c90 code [0x0000000008150f40, 0x0000000008154c38]
Event: 10.992 Thread 0x0000000004dc5000 1543       4       jdk.internal.org.objectweb.asm.ClassWriter::get (49 bytes)
Event: 10.993 Thread 0x0000000004dc5000 nmethod 1543 0x000000000814db90 code [0x000000000814dce0, 0x000000000814de08]
Event: 11.033 Thread 0x0000000004dc6000 1552 %     3       org.objectweb.asm.ClassReader::a @ 1480 (3587 bytes)
Event: 11.038 Thread 0x0000000004dc5000 1553       4       org.objectweb.asm.ClassWriter::a (77 bytes)
Event: 11.048 Thread 0x0000000004dc6000 nmethod 1552% 0x0000000008159490 code [0x000000000815a6a0, 0x000000000816cd88]
Event: 11.054 Thread 0x0000000003acb800 nmethod 1513 0x000000000818b0d0 code [0x000000000818b520, 0x0000000008190e88]
Event: 11.060 Thread 0x0000000004dc5000 nmethod 1553 0x000000000814ac10 code [0x000000000814ae80, 0x000000000814c380]
Event: 11.084 Thread 0x0000000004dc6000 1554 %     3       org.objectweb.asm.ClassReader::a @ 74 (3587 bytes)

GC Heap History (10 events):
Event: 6.485 GC heap before
{Heap before GC invocations=23 (full 0):
 PSYoungGen      total 15360K, used 11456K [0x00000000feb00000, 0x00000000fff00000, 0x0000000100000000)
  eden space 11264K, 100% used [0x00000000feb00000,0x00000000ff600000,0x00000000ff600000)
  from space 4096K, 4% used [0x00000000ffb00000,0x00000000ffb30000,0x00000000fff00000)
  to   space 4608K, 0% used [0x00000000ff600000,0x00000000ff600000,0x00000000ffa80000)
 ParOldGen       total 44032K, used 11488K [0x00000000fc000000, 0x00000000feb00000, 0x00000000feb00000)
  object space 44032K, 26% used [0x00000000fc000000,0x00000000fcb380c0,0x00000000feb00000)
 Metaspace       used 7768K, capacity 7986K, committed 8192K, reserved 1056768K
  class space    used 870K, capacity 957K, committed 1024K, reserved 1048576K
Event: 6.642 GC heap after
Heap after GC invocations=23 (full 0):
 PSYoungGen      total 15872K, used 160K [0x00000000feb00000, 0x0000000100000000, 0x0000000100000000)
  eden space 11264K, 0% used [0x00000000feb00000,0x00000000feb00000,0x00000000ff600000)
  from space 4608K, 3% used [0x00000000ff600000,0x00000000ff628000,0x00000000ffa80000)
  to   space 4608K, 0% used [0x00000000ffb80000,0x00000000ffb80000,0x0000000100000000)
 ParOldGen       total 44032K, used 11560K [0x00000000fc000000, 0x00000000feb00000, 0x00000000feb00000)
  object space 44032K, 26% used [0x00000000fc000000,0x00000000fcb4a0c0,0x00000000feb00000)
 Metaspace       used 7768K, capacity 7986K, committed 8192K, reserved 1056768K
  class space    used 870K, capacity 957K, committed 1024K, reserved 1048576K
}
Event: 6.682 GC heap before
{Heap before GC invocations=24 (full 0):
 PSYoungGen      total 15872K, used 11419K [0x00000000feb00000, 0x0000000100000000, 0x0000000100000000)
  eden space 11264K, 99% used [0x00000000feb00000,0x00000000ff5fed80,0x00000000ff600000)
  from space 4608K, 3% used [0x00000000ff600000,0x00000000ff628000,0x00000000ffa80000)
  to   space 4608K, 0% used [0x00000000ffb80000,0x00000000ffb80000,0x0000000100000000)
 ParOldGen       total 44032K, used 11560K [0x00000000fc000000, 0x00000000feb00000, 0x00000000feb00000)
  object space 44032K, 26% used [0x00000000fc000000,0x00000000fcb4a0c0,0x00000000feb00000)
 Metaspace       used 7768K, capacity 7986K, committed 8192K, reserved 1056768K
  class space    used 870K, capacity 957K, committed 1024K, reserved 1048576K
Event: 6.819 GC heap after
Heap after GC invocations=24 (full 0):
 PSYoungGen      total 15872K, used 192K [0x00000000feb00000, 0x00000000fff00000, 0x0000000100000000)
  eden space 12288K, 0% used [0x00000000feb00000,0x00000000feb00000,0x00000000ff700000)
  from space 3584K, 5% used [0x00000000ffb80000,0x00000000ffbb0000,0x00000000fff00000)
  to   space 4096K, 0% used [0x00000000ff700000,0x00000000ff700000,0x00000000ffb00000)
 ParOldGen       total 44032K, used 11674K [0x00000000fc000000, 0x00000000feb00000, 0x00000000feb00000)
  object space 44032K, 26% used [0x00000000fc000000,0x00000000fcb668d0,0x00000000feb00000)
 Metaspace       used 7768K, capacity 7986K, committed 8192K, reserved 1056768K
  class space    used 870K, capacity 957K, committed 1024K, reserved 1048576K
}
Event: 6.885 GC heap before
{Heap before GC invocations=25 (full 0):
 PSYoungGen      total 15872K, used 12480K [0x00000000feb00000, 0x00000000fff00000, 0x0000000100000000)
  eden space 12288K, 100% used [0x00000000feb00000,0x00000000ff700000,0x00000000ff700000)
  from space 3584K, 5% used [0x00000000ffb80000,0x00000000ffbb0000,0x00000000fff00000)
  to   space 4096K, 0% used [0x00000000ff700000,0x00000000ff700000,0x00000000ffb00000)
 ParOldGen       total 44032K, used 11674K [0x00000000fc000000, 0x00000000feb00000, 0x00000000feb00000)
  object space 44032K, 26% used [0x00000000fc000000,0x00000000fcb668d0,0x00000000feb00000)
 Metaspace       used 7777K, capacity 7986K, committed 8192K, reserved 1056768K
  class space    used 870K, capacity 957K, committed 1024K, reserved 1048576K
Event: 6.895 GC heap after
Heap after GC invocations=25 (full 0):
 PSYoungGen      total 16384K, used 320K [0x00000000feb00000, 0x0000000100000000, 0x0000000100000000)
  eden space 12288K, 0% used [0x00000000feb00000,0x00000000feb00000,0x00000000ff700000)
  from space 4096K, 7% used [0x00000000ff700000,0x00000000ff750000,0x00000000ffb00000)
  to   space 4096K, 0% used [0x00000000ffc00000,0x00000000ffc00000,0x0000000100000000)
 ParOldGen       total 44032K, used 11754K [0x00000000fc000000, 0x00000000feb00000, 0x00000000feb00000)
  object space 44032K, 26% used [0x00000000fc000000,0x00000000fcb7a8d0,0x00000000feb00000)
 Metaspace       used 7777K, capacity 7986K, committed 8192K, reserved 1056768K
  class space    used 870K, capacity 957K, committed 1024K, reserved 1048576K
}
Event: 7.738 GC heap before
{Heap before GC invocations=26 (full 0):
 PSYoungGen      total 16384K, used 12608K [0x00000000feb00000, 0x0000000100000000, 0x0000000100000000)
  eden space 12288K, 100% used [0x00000000feb00000,0x00000000ff700000,0x00000000ff700000)
  from space 4096K, 7% used [0x00000000ff700000,0x00000000ff750000,0x00000000ffb00000)
  to   space 4096K, 0% used [0x00000000ffc00000,0x00000000ffc00000,0x0000000100000000)
 ParOldGen       total 44032K, used 11754K [0x00000000fc000000, 0x00000000feb00000, 0x00000000feb00000)
  object space 44032K, 26% used [0x00000000fc000000,0x00000000fcb7a8d0,0x00000000feb00000)
 Metaspace       used 7803K, capacity 7986K, committed 8192K, reserved 1056768K
  class space    used 870K, capacity 957K, committed 1024K, reserved 1048576K
Event: 7.746 GC heap after
Heap after GC invocations=26 (full 0):
 PSYoungGen      total 16384K, used 689K [0x00000000feb00000, 0x00000000fff00000, 0x0000000100000000)
  eden space 13312K, 0% used [0x00000000feb00000,0x00000000feb00000,0x00000000ff800000)
  from space 3072K, 22% used [0x00000000ffc00000,0x00000000ffcac538,0x00000000fff00000)
  to   space 3584K, 0% used [0x00000000ff800000,0x00000000ff800000,0x00000000ffb80000)
 ParOldGen       total 44032K, used 12046K [0x00000000fc000000, 0x00000000feb00000, 0x00000000feb00000)
  object space 44032K, 27% used [0x00000000fc000000,0x00000000fcbc38f0,0x00000000feb00000)
 Metaspace       used 7803K, capacity 7986K, committed 8192K, reserved 1056768K
  class space    used 870K, capacity 957K, committed 1024K, reserved 1048576K
}
Event: 10.629 GC heap before
{Heap before GC invocations=27 (full 0):
 PSYoungGen      total 16384K, used 14001K [0x00000000feb00000, 0x00000000fff00000, 0x0000000100000000)
  eden space 13312K, 100% used [0x00000000feb00000,0x00000000ff800000,0x00000000ff800000)
  from space 3072K, 22% used [0x00000000ffc00000,0x00000000ffcac538,0x00000000fff00000)
  to   space 3584K, 0% used [0x00000000ff800000,0x00000000ff800000,0x00000000ffb80000)
 ParOldGen       total 44032K, used 12046K [0x00000000fc000000, 0x00000000feb00000, 0x00000000feb00000)
  object space 44032K, 27% used [0x00000000fc000000,0x00000000fcbc38f0,0x00000000feb00000)
 Metaspace       used 7830K, capacity 8050K, committed 8192K, reserved 1056768K
  class space    used 870K, capacity 957K, committed 1024K, reserved 1048576K
Event: 10.630 GC heap after
Heap after GC invocations=27 (full 0):
 PSYoungGen      total 16896K, used 224K [0x00000000feb00000, 0x0000000100000000, 0x0000000100000000)
  eden space 13312K, 0% used [0x00000000feb00000,0x00000000feb00000,0x00000000ff800000)
  from space 3584K, 6% used [0x00000000ff800000,0x00000000ff838000,0x00000000ffb80000)
  to   space 3584K, 0% used [0x00000000ffc80000,0x00000000ffc80000,0x0000000100000000)
 ParOldGen       total 44032K, used 12190K [0x00000000fc000000, 0x00000000feb00000, 0x00000000feb00000)
  object space 44032K, 27% used [0x00000000fc000000,0x00000000fcbe78f0,0x00000000feb00000)
 Metaspace       used 7830K, capacity 8050K, committed 8192K, reserved 1056768K
  class space    used 870K, capacity 957K, committed 1024K, reserved 1048576K
}

Deoptimization events (10 events):
Event: 10.906 Thread 0x0000000001c7e000 Uncommon trap: reason=unstable_if action=reinterpret pc=0x0000000007f857fc method=org.objectweb.asm.ClassReader.a(IZZLorg/objectweb/asm/Context;)I @ 15
Event: 10.906 Thread 0x0000000001c7e000 Uncommon trap: reason=unstable_if action=reinterpret pc=0x000000000804580c method=org.objectweb.asm.MethodWriter.visitFrame(II[Ljava/lang/Object;I[Ljava/lang/Object;)V @ 128
Event: 10.908 Thread 0x0000000001c7e000 Uncommon trap: reason=unstable_if action=reinterpret pc=0x0000000008073e40 method=org.objectweb.asm.MethodWriter.a()I @ 190
Event: 10.908 Thread 0x0000000001c7e000 Uncommon trap: reason=unstable_if action=reinterpret pc=0x000000000808d788 method=org.objectweb.asm.MethodWriter.a(Lorg/objectweb/asm/ByteVector;)V @ 915
Event: 10.909 Thread 0x0000000001c7e000 Uncommon trap: reason=bimorphic action=maybe_recompile pc=0x0000000007f23bac method=org.objectweb.asm.ClassReader.a(Lorg/objectweb/asm/MethodVisitor;Lorg/objectweb/asm/Context;I)V @ 1520
Event: 10.910 Thread 0x0000000001c7e000 Uncommon trap: reason=bimorphic action=maybe_recompile pc=0x0000000007fad0a0 method=org.objectweb.asm.ClassReader.a(Lorg/objectweb/asm/MethodVisitor;Lorg/objectweb/asm/Context;I)V @ 1520
Event: 10.911 Thread 0x0000000001c7e000 Uncommon trap: reason=bimorphic action=maybe_recompile pc=0x0000000007fb3fc4 method=org.objectweb.asm.ClassReader.a(Lorg/objectweb/asm/MethodVisitor;Lorg/objectweb/asm/Context;I)V @ 1896
Event: 10.911 Thread 0x0000000001c7e000 Uncommon trap: reason=bimorphic action=maybe_recompile pc=0x0000000007f23bac method=org.objectweb.asm.ClassReader.a(Lorg/objectweb/asm/MethodVisitor;Lorg/objectweb/asm/Context;I)V @ 1520
Event: 10.912 Thread 0x0000000001c7e000 Uncommon trap: reason=bimorphic action=maybe_recompile pc=0x0000000007fad0a0 method=org.objectweb.asm.ClassReader.a(Lorg/objectweb/asm/MethodVisitor;Lorg/objectweb/asm/Context;I)V @ 1520
Event: 11.033 Thread 0x0000000001c7e000 Uncommon trap: reason=unstable_if action=reinterpret pc=0x000000000805b98c method=com.google.devtools.build.android.desugar.LambdaDesugaring.visitMethod(ILjava/lang/String;Ljava/lang/String;Ljava/lang/String;[Ljava/lang/String;)Lorg/objectweb/asm/MethodVisæ$ªcÔÏ%@

Internal exceptions (10 events):
Event: 11.039 Thread 0x0000000001c7e000 Exception <a 'sun/nio/fs/WindowsException'> (0x00000000fefab6c8) thrown at [C:\src\android\AOSP-openjdk\external\jetbrains\jdk\hotspot\src\share\vm\prims\jni.cpp, line 709]
Event: 11.085 Thread 0x0000000001c7e000 Exception <a 'sun/nio/fs/WindowsException'> (0x00000000fefc4ed8) thrown at [C:\src\android\AOSP-openjdk\external\jetbrains\jdk\hotspot\src\share\vm\prims\jni.cpp, line 709]
Event: 11.086 Thread 0x0000000001c7e000 Exception <a 'sun/nio/fs/WindowsException'> (0x00000000fefc8ed8) thrown at [C:\src\android\AOSP-openjdk\external\jetbrains\jdk\hotspot\src\share\vm\prims\jni.cpp, line 709]
Event: 11.087 Thread 0x0000000001c7e000 Exception <a 'sun/nio/fs/WindowsException'> (0x00000000fefd2bf0) thrown at [C:\src\android\AOSP-openjdk\external\jetbrains\jdk\hotspot\src\share\vm\prims\jni.cpp, line 709]
Event: 11.088 Thread 0x0000000001c7e000 Exception <a 'sun/nio/fs/WindowsException'> (0x00000000fefdc800) thrown at [C:\src\android\AOSP-openjdk\external\jetbrains\jdk\hotspot\src\share\vm\prims\jni.cpp, line 709]
Event: 11.089 Thread 0x0000000001c7e000 Exception <a 'sun/nio/fs/WindowsException'> (0x00000000fefe7820) thrown at [C:\src\android\AOSP-openjdk\external\jetbrains\jdk\hotspot\src\share\vm\prims\jni.cpp, line 709]
Event: 11.089 Thread 0x0000000001c7e000 Exception <a 'sun/nio/fs/WindowsException'> (0x00000000feff0010) thrown at [C:\src\android\AOSP-openjdk\external\jetbrains\jdk\hotspot\src\share\vm\prims\jni.cpp, line 709]
Event: 11.091 Thread 0x0000000001c7e000 Exception <a 'sun/nio/fs/WindowsException'> (0x00000000feff8540) thrown at [C:\src\android\AOSP-openjdk\external\jetbrains\jdk\hotspot\src\share\vm\prims\jni.cpp, line 709]
Event: 11.092 Thread 0x0000000001c7e000 Exception <a 'sun/nio/fs/WindowsException'> (0x00000000ff000bb0) thrown at [C:\src\android\AOSP-openjdk\external\jetbrains\jdk\hotspot\src\share\vm\prims\jni.cpp, line 709]
Event: 11.092 Thread 0x0000000001c7e000 Exception <a 'sun/nio/fs/WindowsException'> (0x00000000ff009ce0) thrown at [C:\src\android\AOSP-openjdk\external\jetbrains\jdk\hotspot\src\share\vm\prims\jni.cpp, line 709]

Events (10 events):
Event: 10.985 loading class java/util/stream/AbstractSpinedBuffer
Event: 10.985 loading class java/util/stream/AbstractSpinedBuffer done
Event: 10.985 loading class java/util/stream/SpinedBuffer done
Event: 10.986 loading class java/util/stream/ReferencePipeline$2$1
Event: 10.987 loading class java/util/stream/ReferencePipeline$2$1 done
Event: 10.987 loading class java/util/function/BooleanSupplier
Event: 10.987 loading class java/util/function/BooleanSupplier done
Event: 11.033 Thread 0x0000000001c7e000 Uncommon trap: trap_request=0xffffff65 fr.pc=0x000000000805b98c
Event: 11.033 Thread 0x0000000001c7e000 DEOPT PACKING pc=0x000000000805b98c sp=0x000000000239ec50
Event: 11.033 Thread 0x0000000001c7e000 DEOPT UNPACKING pc=0x0000000007b5556a sp=0x000000000239ec20 mode 2


Dynamic libraries:
0x000000013f2a0000 - 0x000000013f2d1000 	C:\Program Files\Android\Android Studio\jre\bin\java.exe
0x0000000077c90000 - 0x0000000077e2f000 	C:\Windows\SYSTEM32\ntdll.dll
0x0000000077910000 - 0x0000000077a2f000 	C:\Windows\system32\kernel32.dll
0x000007fefe380000 - 0x000007fefe3ea000 	C:\Windows\system32\KERNELBASE.dll
0x000007feffbd0000 - 0x000007feffcab000 	C:\Windows\system32\ADVAPI32.dll
0x000007feffec0000 - 0x000007fefff5f000 	C:\Windows\system32\msvcrt.dll
0x000007fefff60000 - 0x000007fefff7f000 	C:\Windows\SYSTEM32\sechost.dll
0x000007fefe6c0000 - 0x000007fefe7ed000 	C:\Windows\system32\RPCRT4.dll
0x0000000077b90000 - 0x0000000077c8a000 	C:\Windows\system32\USER32.dll
0x000007feff580000 - 0x000007feff5e7000 	C:\Windows\system32\GDI32.dll
0x000007fefe610000 - 0x000007fefe61e000 	C:\Windows\system32\LPK.dll
0x000007feffa50000 - 0x000007feffb1b000 	C:\Windows\system32\USP10.dll
0x000007fefc770000 - 0x000007fefc964000 	C:\Windows\WinSxS\amd64_microsoft.windows.common-controls_6595b64144ccf1df_6.0.7601.18837_none_fa3b1e3d17594757\COMCTL32.dll
0x000007feffb50000 - 0x000007feffbc1000 	C:\Windows\system32\SHLWAPI.dll
0x000007feffdb0000 - 0x000007feffdde000 	C:\Windows\system32\IMM32.DLL
0x000007fefe500000 - 0x000007fefe609000 	C:\Windows\system32\MSCTF.dll
0x0000000058e60000 - 0x0000000058f32000 	C:\Program Files\Android\Android Studio\jre\jre\bin\msvcr100.dll
0x00000000072d0000 - 0x0000000007b04000 	C:\Program Files\Android\Android Studio\jre\jre\bin\server\jvm.dll
0x000007fefbca0000 - 0x000007fefbca9000 	C:\Windows\system32\WSOCK32.dll
0x000007fefe4b0000 - 0x000007fefe4fd000 	C:\Windows\system32\WS2_32.dll
0x000007feffb40000 - 0x000007feffb48000 	C:\Windows\system32\NSI.dll
0x000007fefc0b0000 - 0x000007fefc0eb000 	C:\Windows\system32\WINMM.dll
0x000007fefd240000 - 0x000007fefd24c000 	C:\Windows\system32\VERSION.dll
0x0000000077e30000 - 0x0000000077e37000 	C:\Windows\system32\PSAPI.DLL
0x000007fefb4c0000 - 0x000007fefb4cf000 	C:\Program Files\Android\Android Studio\jre\jre\bin\verify.dll
0x000007feef5f0000 - 0x000007feef619000 	C:\Program Files\Android\Android Studio\jre\jre\bin\java.dll
0x000007fefa340000 - 0x000007fefa356000 	C:\Program Files\Android\Android Studio\jre\jre\bin\zip.dll
0x000007fefe7f0000 - 0x000007feff57a000 	C:\Windows\system32\SHELL32.dll
0x000007feff7d0000 - 0x000007feff9cd000 	C:\Windows\system32\ole32.dll
0x000007fefe0e0000 - 0x000007fefe0ef000 	C:\Windows\system32\profapi.dll
0x000007fefd970000 - 0x000007fefd988000 	C:\Windows\system32\CRYPTSP.dll
0x000007fefd670000 - 0x000007fefd6b7000 	C:\Windows\system32\rsaenh.dll
0x000007fefd430000 - 0x000007fefd44e000 	C:\Windows\system32\USERENV.dll
0x000007fefe0b0000 - 0x000007fefe0bf000 	C:\Windows\system32\CRYPTBASE.dll
0x000007fefa240000 - 0x000007fefa25a000 	C:\Program Files\Android\Android Studio\jre\jre\bin\net.dll
0x000007fefd910000 - 0x000007fefd965000 	C:\Windows\system32\mswsock.dll
0x000007fefd900000 - 0x000007fefd907000 	C:\Windows\System32\wship6.dll
0x000007fefbb40000 - 0x000007fefbb67000 	C:\Windows\system32\IPHLPAPI.DLL
0x000007fefbb30000 - 0x000007fefbb3b000 	C:\Windows\system32\WINNSI.DLL
0x000007fefb920000 - 0x000007fefb931000 	C:\Windows\system32\dhcpcsvc6.DLL
0x000007fefb900000 - 0x000007fefb918000 	C:\Windows\system32\dhcpcsvc.DLL
0x000007fef5a60000 - 0x000007fef5a71000 	C:\Program Files\Android\Android Studio\jre\jre\bin\nio.dll

VM Arguments:
jvm_args: -Djava.awt.headless=true -Xmx64M -Dfile.encoding=GBK -Duser.country=CN -Duser.language=zh -Duser.variant 
java_command: com.google.devtools.build.android.desugar.Desugar @G:\02WORKSPACE\GuoLaiWan\GuoLaiWan\guolaiwan\build\intermediates\tmp\desugar_args5150635072930526426
java_class_path (initial): C:\Users\Administrator\AppData\Local\Temp\desugar_deploy.jar801424461476078442
Launcher Type: SUN_STANDARD

Environment Variables:
JAVA_HOME=G:\09JDK
PATH=C:\ProgramData\Oracle\Java\javapath;C:\Program Files (x86)\Common Files\NetSarang;G:\09JDK;C:\Windows\system32;C:\Windows;C:\Windows\System32\Wbem;C:\Windows\System32\WindowsPowerShell\v1.0\;G:\Program Files (x86)\MySQL\MySQL Server 5.5\bin;C:\Users\Administrator\AppData\Local\Android\android-sdk\platform-tools;C:\Users\Administrator\AppData\Local\Android\android-sdk\tools;D:\Develop\Android\android-sdk\platform-tools;G:\08MAVEN\apache-maven-3.3.9-bin\apache-maven-3.3.9\bin;G:\09JDK\bin;G:\13MySql\bin
USERNAME=Administrator
OS=Windows_NT
PROCESSOR_IDENTIFIER=Intel64 Family 6 Model 94 Stepping 3, GenuineIntel



---------------  S Y S T E M  ---------------

OS: Windows 7 , 64 bit Build 7601 (6.1.7601.24117)

CPU:total 4 (4 cores per cpu, 1 threads per core) family 6 model 94 stepping 3, cmov, cx8, fxsr, mmx, sse, sse2, sse3, ssse3, sse4.1, sse4.2, popcnt, avx, avx2, aes, clmul, erms, rtm, 3dnowpref, lzcnt, tsc, tscinvbit, bmi1, bmi2, adx

Memory: 4k page, physical 8311424k(866020k free), swap 16620972k(7111976k free)

vm_info: OpenJDK 64-Bit Server VM (25.76-b03) for windows-amd64 JRE (1.8.0_76-release-b03), built on Jun 29 2016 19:09:20 by "ralucas" with MS VC++ 10.0 (VS2010)

time: Sat Jan 26 11:02:58 2019
elapsed time: 11 seconds (0d 0h 0m 11s)

